[2020-07-27 14:54:01] local.ERROR: Command "make:models" is not defined.

Did you mean one of these?
    make:cast
    make:channel
    make:command
    make:component
    make:controller
    make:event
    make:exception
    make:factory
    make:job
    make:listener
    make:mail
    make:middleware
    make:migration
    make:model
    make:notification
    make:observer
    make:policy
    make:provider
    make:request
    make:resource
    make:rule
    make:seeder
    make:test {"exception":"[object] (Symfony\\Component\\Console\\Exception\\CommandNotFoundException(code: 0): Command \"make:models\" is not defined.

Did you mean one of these?
    make:cast
    make:channel
    make:command
    make:component
    make:controller
    make:event
    make:exception
    make:factory
    make:job
    make:listener
    make:mail
    make:middleware
    make:migration
    make:model
    make:notification
    make:observer
    make:policy
    make:provider
    make:request
    make:resource
    make:rule
    make:seeder
    make:test at /home/joao/Teste/vendor/symfony/console/Application.php:644)
[stacktrace]
#0 /home/joao/Teste/vendor/symfony/console/Application.php(228): Symfony\\Component\\Console\\Application->find()
#1 /home/joao/Teste/vendor/symfony/console/Application.php(140): Symfony\\Component\\Console\\Application->doRun()
#2 /home/joao/Teste/vendor/laravel/framework/src/Illuminate/Console/Application.php(93): Symfony\\Component\\Console\\Application->run()
#3 /home/joao/Teste/vendor/laravel/framework/src/Illuminate/Foundation/Console/Kernel.php(129): Illuminate\\Console\\Application->run()
#4 /home/joao/Teste/artisan(37): Illuminate\\Foundation\\Console\\Kernel->handle()
#5 {main}
"} 
[2020-07-27 14:55:58] local.ERROR: SQLSTATE[HY000] [2002] Connection refused (SQL: select * from `tasks`) {"exception":"[object] (Illuminate\\Database\\QueryException(code: 2002): SQLSTATE[HY000] [2002] Connection refused (SQL: select * from `tasks`) at /home/joao/Teste/vendor/laravel/framework/src/Illuminate/Database/Connection.php:671)
[stacktrace]
#0 /home/joao/Teste/vendor/laravel/framework/src/Illuminate/Database/Connection.php(745): Illuminate\\Database\\Connection->runQueryCallback()
#1 /home/joao/Teste/vendor/laravel/framework/src/Illuminate/Database/Connection.php(725): Illuminate\\Database\\Connection->tryAgainIfCausedByLostConnection()
#2 /home/joao/Teste/vendor/laravel/framework/src/Illuminate/Database/Connection.php(634): Illuminate\\Database\\Connection->handleQueryException()
#3 /home/joao/Teste/vendor/laravel/framework/src/Illuminate/Database/Connection.php(339): Illuminate\\Database\\Connection->run()
#4 /home/joao/Teste/vendor/laravel/framework/src/Illuminate/Database/Query/Builder.php(2205): Illuminate\\Database\\Connection->select()
#5 /home/joao/Teste/vendor/laravel/framework/src/Illuminate/Database/Query/Builder.php(2193): Illuminate\\Database\\Query\\Builder->runSelect()
#6 /home/joao/Teste/vendor/laravel/framework/src/Illuminate/Database/Query/Builder.php(2688): Illuminate\\Database\\Query\\Builder->Illuminate\\Database\\Query\\{closure}()
#7 /home/joao/Teste/vendor/laravel/framework/src/Illuminate/Database/Query/Builder.php(2194): Illuminate\\Database\\Query\\Builder->onceWithColumns()
#8 /home/joao/Teste/vendor/laravel/framework/src/Illuminate/Database/Eloquent/Builder.php(539): Illuminate\\Database\\Query\\Builder->get()
#9 /home/joao/Teste/vendor/laravel/framework/src/Illuminate/Database/Eloquent/Builder.php(523): Illuminate\\Database\\Eloquent\\Builder->getModels()
#10 /home/joao/Teste/vendor/laravel/framework/src/Illuminate/Database/Eloquent/Model.php(489): Illuminate\\Database\\Eloquent\\Builder->get()
#11 /home/joao/Teste/app/Http/Controllers/Api/TaskController.php(13): Illuminate\\Database\\Eloquent\\Model::all()
#12 [internal function]: App\\Http\\Controllers\\Api\\TaskController->index()
#13 /home/joao/Teste/vendor/laravel/framework/src/Illuminate/Routing/Controller.php(54): call_user_func_array()
#14 /home/joao/Teste/vendor/laravel/framework/src/Illuminate/Routing/ControllerDispatcher.php(45): Illuminate\\Routing\\Controller->callAction()
#15 /home/joao/Teste/vendor/laravel/framework/src/Illuminate/Routing/Route.php(239): Illuminate\\Routing\\ControllerDispatcher->dispatch()
#16 /home/joao/Teste/vendor/laravel/framework/src/Illuminate/Routing/Route.php(196): Illuminate\\Routing\\Route->runController()
#17 /home/joao/Teste/vendor/laravel/framework/src/Illuminate/Routing/Router.php(685): Illuminate\\Routing\\Route->run()
#18 /home/joao/Teste/vendor/laravel/framework/src/Illuminate/Pipeline/Pipeline.php(128): Illuminate\\Routing\\Router->Illuminate\\Routing\\{closure}()
#19 /home/joao/Teste/vendor/laravel/framework/src/Illuminate/Routing/Middleware/SubstituteBindings.php(41): Illuminate\\Pipeline\\Pipeline->Illuminate\\Pipeline\\{closure}()
#20 /home/joao/Teste/vendor/laravel/framework/src/Illuminate/Pipeline/Pipeline.php(167): Illuminate\\Routing\\Middleware\\SubstituteBindings->handle()
#21 /home/joao/Teste/vendor/laravel/framework/src/Illuminate/Routing/Middleware/ThrottleRequests.php(59): Illuminate\\Pipeline\\Pipeline->Illuminate\\Pipeline\\{closure}()
#22 /home/joao/Teste/vendor/laravel/framework/src/Illuminate/Pipeline/Pipeline.php(167): Illuminate\\Routing\\Middleware\\ThrottleRequests->handle()
#23 /home/joao/Teste/vendor/laravel/framework/src/Illuminate/Pipeline/Pipeline.php(103): Illuminate\\Pipeline\\Pipeline->Illuminate\\Pipeline\\{closure}()
#24 /home/joao/Teste/vendor/laravel/framework/src/Illuminate/Routing/Router.php(687): Illuminate\\Pipeline\\Pipeline->then()
#25 /home/joao/Teste/vendor/laravel/framework/src/Illuminate/Routing/Router.php(662): Illuminate\\Routing\\Router->runRouteWithinStack()
#26 /home/joao/Teste/vendor/laravel/framework/src/Illuminate/Routing/Router.php(628): Illuminate\\Routing\\Router->runRoute()
#27 /home/joao/Teste/vendor/laravel/framework/src/Illuminate/Routing/Router.php(617): Illuminate\\Routing\\Router->dispatchToRoute()
#28 /home/joao/Teste/vendor/laravel/framework/src/Illuminate/Foundation/Http/Kernel.php(165): Illuminate\\Routing\\Router->dispatch()
#29 /home/joao/Teste/vendor/laravel/framework/src/Illuminate/Pipeline/Pipeline.php(128): Illuminate\\Foundation\\Http\\Kernel->Illuminate\\Foundation\\Http\\{closure}()
#30 /home/joao/Teste/vendor/laravel/framework/src/Illuminate/Foundation/Http/Middleware/TransformsRequest.php(21): Illuminate\\Pipeline\\Pipeline->Illuminate\\Pipeline\\{closure}()
#31 /home/joao/Teste/vendor/laravel/framework/src/Illuminate/Pipeline/Pipeline.php(167): Illuminate\\Foundation\\Http\\Middleware\\TransformsRequest->handle()
#32 /home/joao/Teste/vendor/laravel/framework/src/Illuminate/Foundation/Http/Middleware/TransformsRequest.php(21): Illuminate\\Pipeline\\Pipeline->Illuminate\\Pipeline\\{closure}()
#33 /home/joao/Teste/vendor/laravel/framework/src/Illuminate/Pipeline/Pipeline.php(167): Illuminate\\Foundation\\Http\\Middleware\\TransformsRequest->handle()
#34 /home/joao/Teste/vendor/laravel/framework/src/Illuminate/Foundation/Http/Middleware/ValidatePostSize.php(27): Illuminate\\Pipeline\\Pipeline->Illuminate\\Pipeline\\{closure}()
#35 /home/joao/Teste/vendor/laravel/framework/src/Illuminate/Pipeline/Pipeline.php(167): Illuminate\\Foundation\\Http\\Middleware\\ValidatePostSize->handle()
#36 /home/joao/Teste/vendor/laravel/framework/src/Illuminate/Foundation/Http/Middleware/CheckForMaintenanceMode.php(63): Illuminate\\Pipeline\\Pipeline->Illuminate\\Pipeline\\{closure}()
#37 /home/joao/Teste/vendor/laravel/framework/src/Illuminate/Pipeline/Pipeline.php(167): Illuminate\\Foundation\\Http\\Middleware\\CheckForMaintenanceMode->handle()
#38 /home/joao/Teste/vendor/fruitcake/laravel-cors/src/HandleCors.php(37): Illuminate\\Pipeline\\Pipeline->Illuminate\\Pipeline\\{closure}()
#39 /home/joao/Teste/vendor/laravel/framework/src/Illuminate/Pipeline/Pipeline.php(167): Fruitcake\\Cors\\HandleCors->handle()
#40 /home/joao/Teste/vendor/fideloper/proxy/src/TrustProxies.php(57): Illuminate\\Pipeline\\Pipeline->Illuminate\\Pipeline\\{closure}()
#41 /home/joao/Teste/vendor/laravel/framework/src/Illuminate/Pipeline/Pipeline.php(167): Fideloper\\Proxy\\TrustProxies->handle()
#42 /home/joao/Teste/vendor/laravel/framework/src/Illuminate/Pipeline/Pipeline.php(103): Illuminate\\Pipeline\\Pipeline->Illuminate\\Pipeline\\{closure}()
#43 /home/joao/Teste/vendor/laravel/framework/src/Illuminate/Foundation/Http/Kernel.php(140): Illuminate\\Pipeline\\Pipeline->then()
#44 /home/joao/Teste/vendor/laravel/framework/src/Illuminate/Foundation/Http/Kernel.php(109): Illuminate\\Foundation\\Http\\Kernel->sendRequestThroughRouter()
#45 /home/joao/Teste/public/index.php(55): Illuminate\\Foundation\\Http\\Kernel->handle()
#46 /home/joao/Teste/server.php(21): require_once('/home/joao/Test...')
#47 {main}

[previous exception] [object] (PDOException(code: 2002): SQLSTATE[HY000] [2002] Connection refused at /home/joao/Teste/vendor/laravel/framework/src/Illuminate/Database/Connectors/Connector.php:70)
[stacktrace]
#0 /home/joao/Teste/vendor/laravel/framework/src/Illuminate/Database/Connectors/Connector.php(70): PDO->__construct()
#1 /home/joao/Teste/vendor/laravel/framework/src/Illuminate/Database/Connectors/Connector.php(100): Illuminate\\Database\\Connectors\\Connector->createPdoConnection()
#2 /home/joao/Teste/vendor/laravel/framework/src/Illuminate/Database/Connectors/Connector.php(50): Illuminate\\Database\\Connectors\\Connector->tryAgainIfCausedByLostConnection()
#3 /home/joao/Teste/vendor/laravel/framework/src/Illuminate/Database/Connectors/MySqlConnector.php(24): Illuminate\\Database\\Connectors\\Connector->createConnection()
#4 /home/joao/Teste/vendor/laravel/framework/src/Illuminate/Database/Connectors/ConnectionFactory.php(184): Illuminate\\Database\\Connectors\\MySqlConnector->connect()
#5 [internal function]: Illuminate\\Database\\Connectors\\ConnectionFactory->Illuminate\\Database\\Connectors\\{closure}()
#6 /home/joao/Teste/vendor/laravel/framework/src/Illuminate/Database/Connection.php(926): call_user_func()
#7 /home/joao/Teste/vendor/laravel/framework/src/Illuminate/Database/Connection.php(961): Illuminate\\Database\\Connection->getPdo()
#8 /home/joao/Teste/vendor/laravel/framework/src/Illuminate/Database/Connection.php(405): Illuminate\\Database\\Connection->getReadPdo()
#9 /home/joao/Teste/vendor/laravel/framework/src/Illuminate/Database/Connection.php(331): Illuminate\\Database\\Connection->getPdoForSelect()
#10 /home/joao/Teste/vendor/laravel/framework/src/Illuminate/Database/Connection.php(664): Illuminate\\Database\\Connection->Illuminate\\Database\\{closure}()
#11 /home/joao/Teste/vendor/laravel/framework/src/Illuminate/Database/Connection.php(745): Illuminate\\Database\\Connection->runQueryCallback()
#12 /home/joao/Teste/vendor/laravel/framework/src/Illuminate/Database/Connection.php(725): Illuminate\\Database\\Connection->tryAgainIfCausedByLostConnection()
#13 /home/joao/Teste/vendor/laravel/framework/src/Illuminate/Database/Connection.php(634): Illuminate\\Database\\Connection->handleQueryException()
#14 /home/joao/Teste/vendor/laravel/framework/src/Illuminate/Database/Connection.php(339): Illuminate\\Database\\Connection->run()
#15 /home/joao/Teste/vendor/laravel/framework/src/Illuminate/Database/Query/Builder.php(2205): Illuminate\\Database\\Connection->select()
#16 /home/joao/Teste/vendor/laravel/framework/src/Illuminate/Database/Query/Builder.php(2193): Illuminate\\Database\\Query\\Builder->runSelect()
#17 /home/joao/Teste/vendor/laravel/framework/src/Illuminate/Database/Query/Builder.php(2688): Illuminate\\Database\\Query\\Builder->Illuminate\\Database\\Query\\{closure}()
#18 /home/joao/Teste/vendor/laravel/framework/src/Illuminate/Database/Query/Builder.php(2194): Illuminate\\Database\\Query\\Builder->onceWithColumns()
#19 /home/joao/Teste/vendor/laravel/framework/src/Illuminate/Database/Eloquent/Builder.php(539): Illuminate\\Database\\Query\\Builder->get()
#20 /home/joao/Teste/vendor/laravel/framework/src/Illuminate/Database/Eloquent/Builder.php(523): Illuminate\\Database\\Eloquent\\Builder->getModels()
#21 /home/joao/Teste/vendor/laravel/framework/src/Illuminate/Database/Eloquent/Model.php(489): Illuminate\\Database\\Eloquent\\Builder->get()
#22 /home/joao/Teste/app/Http/Controllers/Api/TaskController.php(13): Illuminate\\Database\\Eloquent\\Model::all()
#23 [internal function]: App\\Http\\Controllers\\Api\\TaskController->index()
#24 /home/joao/Teste/vendor/laravel/framework/src/Illuminate/Routing/Controller.php(54): call_user_func_array()
#25 /home/joao/Teste/vendor/laravel/framework/src/Illuminate/Routing/ControllerDispatcher.php(45): Illuminate\\Routing\\Controller->callAction()
#26 /home/joao/Teste/vendor/laravel/framework/src/Illuminate/Routing/Route.php(239): Illuminate\\Routing\\ControllerDispatcher->dispatch()
#27 /home/joao/Teste/vendor/laravel/framework/src/Illuminate/Routing/Route.php(196): Illuminate\\Routing\\Route->runController()
#28 /home/joao/Teste/vendor/laravel/framework/src/Illuminate/Routing/Router.php(685): Illuminate\\Routing\\Route->run()
#29 /home/joao/Teste/vendor/laravel/framework/src/Illuminate/Pipeline/Pipeline.php(128): Illuminate\\Routing\\Router->Illuminate\\Routing\\{closure}()
#30 /home/joao/Teste/vendor/laravel/framework/src/Illuminate/Routing/Middleware/SubstituteBindings.php(41): Illuminate\\Pipeline\\Pipeline->Illuminate\\Pipeline\\{closure}()
#31 /home/joao/Teste/vendor/laravel/framework/src/Illuminate/Pipeline/Pipeline.php(167): Illuminate\\Routing\\Middleware\\SubstituteBindings->handle()
#32 /home/joao/Teste/vendor/laravel/framework/src/Illuminate/Routing/Middleware/ThrottleRequests.php(59): Illuminate\\Pipeline\\Pipeline->Illuminate\\Pipeline\\{closure}()
#33 /home/joao/Teste/vendor/laravel/framework/src/Illuminate/Pipeline/Pipeline.php(167): Illuminate\\Routing\\Middleware\\ThrottleRequests->handle()
#34 /home/joao/Teste/vendor/laravel/framework/src/Illuminate/Pipeline/Pipeline.php(103): Illuminate\\Pipeline\\Pipeline->Illuminate\\Pipeline\\{closure}()
#35 /home/joao/Teste/vendor/laravel/framework/src/Illuminate/Routing/Router.php(687): Illuminate\\Pipeline\\Pipeline->then()
#36 /home/joao/Teste/vendor/laravel/framework/src/Illuminate/Routing/Router.php(662): Illuminate\\Routing\\Router->runRouteWithinStack()
#37 /home/joao/Teste/vendor/laravel/framework/src/Illuminate/Routing/Router.php(628): Illuminate\\Routing\\Router->runRoute()
#38 /home/joao/Teste/vendor/laravel/framework/src/Illuminate/Routing/Router.php(617): Illuminate\\Routing\\Router->dispatchToRoute()
#39 /home/joao/Teste/vendor/laravel/framework/src/Illuminate/Foundation/Http/Kernel.php(165): Illuminate\\Routing\\Router->dispatch()
#40 /home/joao/Teste/vendor/laravel/framework/src/Illuminate/Pipeline/Pipeline.php(128): Illuminate\\Foundation\\Http\\Kernel->Illuminate\\Foundation\\Http\\{closure}()
#41 /home/joao/Teste/vendor/laravel/framework/src/Illuminate/Foundation/Http/Middleware/TransformsRequest.php(21): Illuminate\\Pipeline\\Pipeline->Illuminate\\Pipeline\\{closure}()
#42 /home/joao/Teste/vendor/laravel/framework/src/Illuminate/Pipeline/Pipeline.php(167): Illuminate\\Foundation\\Http\\Middleware\\TransformsRequest->handle()
#43 /home/joao/Teste/vendor/laravel/framework/src/Illuminate/Foundation/Http/Middleware/TransformsRequest.php(21): Illuminate\\Pipeline\\Pipeline->Illuminate\\Pipeline\\{closure}()
#44 /home/joao/Teste/vendor/laravel/framework/src/Illuminate/Pipeline/Pipeline.php(167): Illuminate\\Foundation\\Http\\Middleware\\TransformsRequest->handle()
#45 /home/joao/Teste/vendor/laravel/framework/src/Illuminate/Foundation/Http/Middleware/ValidatePostSize.php(27): Illuminate\\Pipeline\\Pipeline->Illuminate\\Pipeline\\{closure}()
#46 /home/joao/Teste/vendor/laravel/framework/src/Illuminate/Pipeline/Pipeline.php(167): Illuminate\\Foundation\\Http\\Middleware\\ValidatePostSize->handle()
#47 /home/joao/Teste/vendor/laravel/framework/src/Illuminate/Foundation/Http/Middleware/CheckForMaintenanceMode.php(63): Illuminate\\Pipeline\\Pipeline->Illuminate\\Pipeline\\{closure}()
#48 /home/joao/Teste/vendor/laravel/framework/src/Illuminate/Pipeline/Pipeline.php(167): Illuminate\\Foundation\\Http\\Middleware\\CheckForMaintenanceMode->handle()
#49 /home/joao/Teste/vendor/fruitcake/laravel-cors/src/HandleCors.php(37): Illuminate\\Pipeline\\Pipeline->Illuminate\\Pipeline\\{closure}()
#50 /home/joao/Teste/vendor/laravel/framework/src/Illuminate/Pipeline/Pipeline.php(167): Fruitcake\\Cors\\HandleCors->handle()
#51 /home/joao/Teste/vendor/fideloper/proxy/src/TrustProxies.php(57): Illuminate\\Pipeline\\Pipeline->Illuminate\\Pipeline\\{closure}()
#52 /home/joao/Teste/vendor/laravel/framework/src/Illuminate/Pipeline/Pipeline.php(167): Fideloper\\Proxy\\TrustProxies->handle()
#53 /home/joao/Teste/vendor/laravel/framework/src/Illuminate/Pipeline/Pipeline.php(103): Illuminate\\Pipeline\\Pipeline->Illuminate\\Pipeline\\{closure}()
#54 /home/joao/Teste/vendor/laravel/framework/src/Illuminate/Foundation/Http/Kernel.php(140): Illuminate\\Pipeline\\Pipeline->then()
#55 /home/joao/Teste/vendor/laravel/framework/src/Illuminate/Foundation/Http/Kernel.php(109): Illuminate\\Foundation\\Http\\Kernel->sendRequestThroughRouter()
#56 /home/joao/Teste/public/index.php(55): Illuminate\\Foundation\\Http\\Kernel->handle()
#57 /home/joao/Teste/server.php(21): require_once('/home/joao/Test...')
#58 {main}
"} 
[2020-07-27 15:04:10] local.ERROR: Class 'CreateTasksTable' not found {"exception":"[object] (Error(code: 0): Class 'CreateTasksTable' not found at /home/joao/Teste/vendor/laravel/framework/src/Illuminate/Database/Migrations/Migrator.php:453)
[stacktrace]
#0 /home/joao/Teste/vendor/laravel/framework/src/Illuminate/Database/Migrations/Migrator.php(189): Illuminate\\Database\\Migrations\\Migrator->resolve()
#1 /home/joao/Teste/vendor/laravel/framework/src/Illuminate/Database/Migrations/Migrator.php(165): Illuminate\\Database\\Migrations\\Migrator->runUp()
#2 /home/joao/Teste/vendor/laravel/framework/src/Illuminate/Database/Migrations/Migrator.php(110): Illuminate\\Database\\Migrations\\Migrator->runPending()
#3 /home/joao/Teste/vendor/laravel/framework/src/Illuminate/Database/Console/Migrations/MigrateCommand.php(72): Illuminate\\Database\\Migrations\\Migrator->run()
#4 /home/joao/Teste/vendor/laravel/framework/src/Illuminate/Database/Migrations/Migrator.php(541): Illuminate\\Database\\Console\\Migrations\\MigrateCommand->Illuminate\\Database\\Console\\Migrations\\{closure}()
#5 /home/joao/Teste/vendor/laravel/framework/src/Illuminate/Database/Console/Migrations/MigrateCommand.php(81): Illuminate\\Database\\Migrations\\Migrator->usingConnection()
#6 [internal function]: Illuminate\\Database\\Console\\Migrations\\MigrateCommand->handle()
#7 /home/joao/Teste/vendor/laravel/framework/src/Illuminate/Container/BoundMethod.php(37): call_user_func_array()
#8 /home/joao/Teste/vendor/laravel/framework/src/Illuminate/Container/Util.php(37): Illuminate\\Container\\BoundMethod::Illuminate\\Container\\{closure}()
#9 /home/joao/Teste/vendor/laravel/framework/src/Illuminate/Container/BoundMethod.php(95): Illuminate\\Container\\Util::unwrapIfClosure()
#10 /home/joao/Teste/vendor/laravel/framework/src/Illuminate/Container/BoundMethod.php(39): Illuminate\\Container\\BoundMethod::callBoundMethod()
#11 /home/joao/Teste/vendor/laravel/framework/src/Illuminate/Container/Container.php(596): Illuminate\\Container\\BoundMethod::call()
#12 /home/joao/Teste/vendor/laravel/framework/src/Illuminate/Console/Command.php(134): Illuminate\\Container\\Container->call()
#13 /home/joao/Teste/vendor/symfony/console/Command/Command.php(258): Illuminate\\Console\\Command->execute()
#14 /home/joao/Teste/vendor/laravel/framework/src/Illuminate/Console/Command.php(121): Symfony\\Component\\Console\\Command\\Command->run()
#15 /home/joao/Teste/vendor/symfony/console/Application.php(911): Illuminate\\Console\\Command->run()
#16 /home/joao/Teste/vendor/symfony/console/Application.php(264): Symfony\\Component\\Console\\Application->doRunCommand()
#17 /home/joao/Teste/vendor/symfony/console/Application.php(140): Symfony\\Component\\Console\\Application->doRun()
#18 /home/joao/Teste/vendor/laravel/framework/src/Illuminate/Console/Application.php(93): Symfony\\Component\\Console\\Application->run()
#19 /home/joao/Teste/vendor/laravel/framework/src/Illuminate/Foundation/Console/Kernel.php(129): Illuminate\\Console\\Application->run()
#20 /home/joao/Teste/artisan(37): Illuminate\\Foundation\\Console\\Kernel->handle()
#21 {main}
"} 
[2020-07-27 15:04:33] local.ERROR: Method Illuminate\Database\Schema\Blueprint::title does not exist. {"exception":"[object] (BadMethodCallException(code: 0): Method Illuminate\\Database\\Schema\\Blueprint::title does not exist. at /home/joao/Teste/vendor/laravel/framework/src/Illuminate/Support/Traits/Macroable.php:103)
[stacktrace]
#0 /home/joao/Teste/database/migrations/2020_07_27_150311_create_tasks_table.php(18): Illuminate\\Database\\Schema\\Blueprint->__call()
#1 /home/joao/Teste/vendor/laravel/framework/src/Illuminate/Database/Schema/Builder.php(166): CreateTasksTable->{closure}()
#2 /home/joao/Teste/vendor/laravel/framework/src/Illuminate/Support/helpers.php(433): Illuminate\\Database\\Schema\\Builder->Illuminate\\Database\\Schema\\{closure}()
#3 /home/joao/Teste/vendor/laravel/framework/src/Illuminate/Database/Schema/Builder.php(167): tap()
#4 /home/joao/Teste/vendor/laravel/framework/src/Illuminate/Support/Facades/Facade.php(261): Illuminate\\Database\\Schema\\Builder->create()
#5 /home/joao/Teste/database/migrations/2020_07_27_150311_create_tasks_table.php(20): Illuminate\\Support\\Facades\\Facade::__callStatic()
#6 /home/joao/Teste/vendor/laravel/framework/src/Illuminate/Database/Migrations/Migrator.php(392): CreateTasksTable->up()
#7 /home/joao/Teste/vendor/laravel/framework/src/Illuminate/Database/Migrations/Migrator.php(401): Illuminate\\Database\\Migrations\\Migrator->Illuminate\\Database\\Migrations\\{closure}()
#8 /home/joao/Teste/vendor/laravel/framework/src/Illuminate/Database/Migrations/Migrator.php(200): Illuminate\\Database\\Migrations\\Migrator->runMigration()
#9 /home/joao/Teste/vendor/laravel/framework/src/Illuminate/Database/Migrations/Migrator.php(165): Illuminate\\Database\\Migrations\\Migrator->runUp()
#10 /home/joao/Teste/vendor/laravel/framework/src/Illuminate/Database/Migrations/Migrator.php(110): Illuminate\\Database\\Migrations\\Migrator->runPending()
#11 /home/joao/Teste/vendor/laravel/framework/src/Illuminate/Database/Console/Migrations/MigrateCommand.php(72): Illuminate\\Database\\Migrations\\Migrator->run()
#12 /home/joao/Teste/vendor/laravel/framework/src/Illuminate/Database/Migrations/Migrator.php(541): Illuminate\\Database\\Console\\Migrations\\MigrateCommand->Illuminate\\Database\\Console\\Migrations\\{closure}()
#13 /home/joao/Teste/vendor/laravel/framework/src/Illuminate/Database/Console/Migrations/MigrateCommand.php(81): Illuminate\\Database\\Migrations\\Migrator->usingConnection()
#14 [internal function]: Illuminate\\Database\\Console\\Migrations\\MigrateCommand->handle()
#15 /home/joao/Teste/vendor/laravel/framework/src/Illuminate/Container/BoundMethod.php(37): call_user_func_array()
#16 /home/joao/Teste/vendor/laravel/framework/src/Illuminate/Container/Util.php(37): Illuminate\\Container\\BoundMethod::Illuminate\\Container\\{closure}()
#17 /home/joao/Teste/vendor/laravel/framework/src/Illuminate/Container/BoundMethod.php(95): Illuminate\\Container\\Util::unwrapIfClosure()
#18 /home/joao/Teste/vendor/laravel/framework/src/Illuminate/Container/BoundMethod.php(39): Illuminate\\Container\\BoundMethod::callBoundMethod()
#19 /home/joao/Teste/vendor/laravel/framework/src/Illuminate/Container/Container.php(596): Illuminate\\Container\\BoundMethod::call()
#20 /home/joao/Teste/vendor/laravel/framework/src/Illuminate/Console/Command.php(134): Illuminate\\Container\\Container->call()
#21 /home/joao/Teste/vendor/symfony/console/Command/Command.php(258): Illuminate\\Console\\Command->execute()
#22 /home/joao/Teste/vendor/laravel/framework/src/Illuminate/Console/Command.php(121): Symfony\\Component\\Console\\Command\\Command->run()
#23 /home/joao/Teste/vendor/symfony/console/Application.php(911): Illuminate\\Console\\Command->run()
#24 /home/joao/Teste/vendor/symfony/console/Application.php(264): Symfony\\Component\\Console\\Application->doRunCommand()
#25 /home/joao/Teste/vendor/symfony/console/Application.php(140): Symfony\\Component\\Console\\Application->doRun()
#26 /home/joao/Teste/vendor/laravel/framework/src/Illuminate/Console/Application.php(93): Symfony\\Component\\Console\\Application->run()
#27 /home/joao/Teste/vendor/laravel/framework/src/Illuminate/Foundation/Console/Kernel.php(129): Illuminate\\Console\\Application->run()
#28 /home/joao/Teste/artisan(37): Illuminate\\Foundation\\Console\\Kernel->handle()
#29 {main}
"} 
[2020-07-27 15:05:22] local.ERROR: SQLSTATE[HY000] [1049] Unknown database 'laravel' (SQL: select * from `tasks`) {"exception":"[object] (Illuminate\\Database\\QueryException(code: 1049): SQLSTATE[HY000] [1049] Unknown database 'laravel' (SQL: select * from `tasks`) at /home/joao/Teste/vendor/laravel/framework/src/Illuminate/Database/Connection.php:671)
[stacktrace]
#0 /home/joao/Teste/vendor/laravel/framework/src/Illuminate/Database/Connection.php(631): Illuminate\\Database\\Connection->runQueryCallback()
#1 /home/joao/Teste/vendor/laravel/framework/src/Illuminate/Database/Connection.php(339): Illuminate\\Database\\Connection->run()
#2 /home/joao/Teste/vendor/laravel/framework/src/Illuminate/Database/Query/Builder.php(2205): Illuminate\\Database\\Connection->select()
#3 /home/joao/Teste/vendor/laravel/framework/src/Illuminate/Database/Query/Builder.php(2193): Illuminate\\Database\\Query\\Builder->runSelect()
#4 /home/joao/Teste/vendor/laravel/framework/src/Illuminate/Database/Query/Builder.php(2688): Illuminate\\Database\\Query\\Builder->Illuminate\\Database\\Query\\{closure}()
#5 /home/joao/Teste/vendor/laravel/framework/src/Illuminate/Database/Query/Builder.php(2194): Illuminate\\Database\\Query\\Builder->onceWithColumns()
#6 /home/joao/Teste/vendor/laravel/framework/src/Illuminate/Database/Eloquent/Builder.php(539): Illuminate\\Database\\Query\\Builder->get()
#7 /home/joao/Teste/vendor/laravel/framework/src/Illuminate/Database/Eloquent/Builder.php(523): Illuminate\\Database\\Eloquent\\Builder->getModels()
#8 /home/joao/Teste/vendor/laravel/framework/src/Illuminate/Database/Eloquent/Model.php(489): Illuminate\\Database\\Eloquent\\Builder->get()
#9 /home/joao/Teste/app/Http/Controllers/Api/TaskController.php(13): Illuminate\\Database\\Eloquent\\Model::all()
#10 [internal function]: App\\Http\\Controllers\\Api\\TaskController->index()
#11 /home/joao/Teste/vendor/laravel/framework/src/Illuminate/Routing/Controller.php(54): call_user_func_array()
#12 /home/joao/Teste/vendor/laravel/framework/src/Illuminate/Routing/ControllerDispatcher.php(45): Illuminate\\Routing\\Controller->callAction()
#13 /home/joao/Teste/vendor/laravel/framework/src/Illuminate/Routing/Route.php(239): Illuminate\\Routing\\ControllerDispatcher->dispatch()
#14 /home/joao/Teste/vendor/laravel/framework/src/Illuminate/Routing/Route.php(196): Illuminate\\Routing\\Route->runController()
#15 /home/joao/Teste/vendor/laravel/framework/src/Illuminate/Routing/Router.php(685): Illuminate\\Routing\\Route->run()
#16 /home/joao/Teste/vendor/laravel/framework/src/Illuminate/Pipeline/Pipeline.php(128): Illuminate\\Routing\\Router->Illuminate\\Routing\\{closure}()
#17 /home/joao/Teste/vendor/laravel/framework/src/Illuminate/Routing/Middleware/SubstituteBindings.php(41): Illuminate\\Pipeline\\Pipeline->Illuminate\\Pipeline\\{closure}()
#18 /home/joao/Teste/vendor/laravel/framework/src/Illuminate/Pipeline/Pipeline.php(167): Illuminate\\Routing\\Middleware\\SubstituteBindings->handle()
#19 /home/joao/Teste/vendor/laravel/framework/src/Illuminate/Routing/Middleware/ThrottleRequests.php(59): Illuminate\\Pipeline\\Pipeline->Illuminate\\Pipeline\\{closure}()
#20 /home/joao/Teste/vendor/laravel/framework/src/Illuminate/Pipeline/Pipeline.php(167): Illuminate\\Routing\\Middleware\\ThrottleRequests->handle()
#21 /home/joao/Teste/vendor/laravel/framework/src/Illuminate/Pipeline/Pipeline.php(103): Illuminate\\Pipeline\\Pipeline->Illuminate\\Pipeline\\{closure}()
#22 /home/joao/Teste/vendor/laravel/framework/src/Illuminate/Routing/Router.php(687): Illuminate\\Pipeline\\Pipeline->then()
#23 /home/joao/Teste/vendor/laravel/framework/src/Illuminate/Routing/Router.php(662): Illuminate\\Routing\\Router->runRouteWithinStack()
#24 /home/joao/Teste/vendor/laravel/framework/src/Illuminate/Routing/Router.php(628): Illuminate\\Routing\\Router->runRoute()
#25 /home/joao/Teste/vendor/laravel/framework/src/Illuminate/Routing/Router.php(617): Illuminate\\Routing\\Router->dispatchToRoute()
#26 /home/joao/Teste/vendor/laravel/framework/src/Illuminate/Foundation/Http/Kernel.php(165): Illuminate\\Routing\\Router->dispatch()
#27 /home/joao/Teste/vendor/laravel/framework/src/Illuminate/Pipeline/Pipeline.php(128): Illuminate\\Foundation\\Http\\Kernel->Illuminate\\Foundation\\Http\\{closure}()
#28 /home/joao/Teste/vendor/laravel/framework/src/Illuminate/Foundation/Http/Middleware/TransformsRequest.php(21): Illuminate\\Pipeline\\Pipeline->Illuminate\\Pipeline\\{closure}()
#29 /home/joao/Teste/vendor/laravel/framework/src/Illuminate/Pipeline/Pipeline.php(167): Illuminate\\Foundation\\Http\\Middleware\\TransformsRequest->handle()
#30 /home/joao/Teste/vendor/laravel/framework/src/Illuminate/Foundation/Http/Middleware/TransformsRequest.php(21): Illuminate\\Pipeline\\Pipeline->Illuminate\\Pipeline\\{closure}()
#31 /home/joao/Teste/vendor/laravel/framework/src/Illuminate/Pipeline/Pipeline.php(167): Illuminate\\Foundation\\Http\\Middleware\\TransformsRequest->handle()
#32 /home/joao/Teste/vendor/laravel/framework/src/Illuminate/Foundation/Http/Middleware/ValidatePostSize.php(27): Illuminate\\Pipeline\\Pipeline->Illuminate\\Pipeline\\{closure}()
#33 /home/joao/Teste/vendor/laravel/framework/src/Illuminate/Pipeline/Pipeline.php(167): Illuminate\\Foundation\\Http\\Middleware\\ValidatePostSize->handle()
#34 /home/joao/Teste/vendor/laravel/framework/src/Illuminate/Foundation/Http/Middleware/CheckForMaintenanceMode.php(63): Illuminate\\Pipeline\\Pipeline->Illuminate\\Pipeline\\{closure}()
#35 /home/joao/Teste/vendor/laravel/framework/src/Illuminate/Pipeline/Pipeline.php(167): Illuminate\\Foundation\\Http\\Middleware\\CheckForMaintenanceMode->handle()
#36 /home/joao/Teste/vendor/fruitcake/laravel-cors/src/HandleCors.php(37): Illuminate\\Pipeline\\Pipeline->Illuminate\\Pipeline\\{closure}()
#37 /home/joao/Teste/vendor/laravel/framework/src/Illuminate/Pipeline/Pipeline.php(167): Fruitcake\\Cors\\HandleCors->handle()
#38 /home/joao/Teste/vendor/fideloper/proxy/src/TrustProxies.php(57): Illuminate\\Pipeline\\Pipeline->Illuminate\\Pipeline\\{closure}()
#39 /home/joao/Teste/vendor/laravel/framework/src/Illuminate/Pipeline/Pipeline.php(167): Fideloper\\Proxy\\TrustProxies->handle()
#40 /home/joao/Teste/vendor/laravel/framework/src/Illuminate/Pipeline/Pipeline.php(103): Illuminate\\Pipeline\\Pipeline->Illuminate\\Pipeline\\{closure}()
#41 /home/joao/Teste/vendor/laravel/framework/src/Illuminate/Foundation/Http/Kernel.php(140): Illuminate\\Pipeline\\Pipeline->then()
#42 /home/joao/Teste/vendor/laravel/framework/src/Illuminate/Foundation/Http/Kernel.php(109): Illuminate\\Foundation\\Http\\Kernel->sendRequestThroughRouter()
#43 /home/joao/Teste/public/index.php(55): Illuminate\\Foundation\\Http\\Kernel->handle()
#44 /home/joao/Teste/server.php(21): require_once('/home/joao/Test...')
#45 {main}

[previous exception] [object] (PDOException(code: 1049): SQLSTATE[HY000] [1049] Unknown database 'laravel' at /home/joao/Teste/vendor/laravel/framework/src/Illuminate/Database/Connectors/Connector.php:70)
[stacktrace]
#0 /home/joao/Teste/vendor/laravel/framework/src/Illuminate/Database/Connectors/Connector.php(70): PDO->__construct()
#1 /home/joao/Teste/vendor/laravel/framework/src/Illuminate/Database/Connectors/Connector.php(46): Illuminate\\Database\\Connectors\\Connector->createPdoConnection()
#2 /home/joao/Teste/vendor/laravel/framework/src/Illuminate/Database/Connectors/MySqlConnector.php(24): Illuminate\\Database\\Connectors\\Connector->createConnection()
#3 /home/joao/Teste/vendor/laravel/framework/src/Illuminate/Database/Connectors/ConnectionFactory.php(184): Illuminate\\Database\\Connectors\\MySqlConnector->connect()
#4 [internal function]: Illuminate\\Database\\Connectors\\ConnectionFactory->Illuminate\\Database\\Connectors\\{closure}()
#5 /home/joao/Teste/vendor/laravel/framework/src/Illuminate/Database/Connection.php(926): call_user_func()
#6 /home/joao/Teste/vendor/laravel/framework/src/Illuminate/Database/Connection.php(961): Illuminate\\Database\\Connection->getPdo()
#7 /home/joao/Teste/vendor/laravel/framework/src/Illuminate/Database/Connection.php(405): Illuminate\\Database\\Connection->getReadPdo()
#8 /home/joao/Teste/vendor/laravel/framework/src/Illuminate/Database/Connection.php(331): Illuminate\\Database\\Connection->getPdoForSelect()
#9 /home/joao/Teste/vendor/laravel/framework/src/Illuminate/Database/Connection.php(664): Illuminate\\Database\\Connection->Illuminate\\Database\\{closure}()
#10 /home/joao/Teste/vendor/laravel/framework/src/Illuminate/Database/Connection.php(631): Illuminate\\Database\\Connection->runQueryCallback()
#11 /home/joao/Teste/vendor/laravel/framework/src/Illuminate/Database/Connection.php(339): Illuminate\\Database\\Connection->run()
#12 /home/joao/Teste/vendor/laravel/framework/src/Illuminate/Database/Query/Builder.php(2205): Illuminate\\Database\\Connection->select()
#13 /home/joao/Teste/vendor/laravel/framework/src/Illuminate/Database/Query/Builder.php(2193): Illuminate\\Database\\Query\\Builder->runSelect()
#14 /home/joao/Teste/vendor/laravel/framework/src/Illuminate/Database/Query/Builder.php(2688): Illuminate\\Database\\Query\\Builder->Illuminate\\Database\\Query\\{closure}()
#15 /home/joao/Teste/vendor/laravel/framework/src/Illuminate/Database/Query/Builder.php(2194): Illuminate\\Database\\Query\\Builder->onceWithColumns()
#16 /home/joao/Teste/vendor/laravel/framework/src/Illuminate/Database/Eloquent/Builder.php(539): Illuminate\\Database\\Query\\Builder->get()
#17 /home/joao/Teste/vendor/laravel/framework/src/Illuminate/Database/Eloquent/Builder.php(523): Illuminate\\Database\\Eloquent\\Builder->getModels()
#18 /home/joao/Teste/vendor/laravel/framework/src/Illuminate/Database/Eloquent/Model.php(489): Illuminate\\Database\\Eloquent\\Builder->get()
#19 /home/joao/Teste/app/Http/Controllers/Api/TaskController.php(13): Illuminate\\Database\\Eloquent\\Model::all()
#20 [internal function]: App\\Http\\Controllers\\Api\\TaskController->index()
#21 /home/joao/Teste/vendor/laravel/framework/src/Illuminate/Routing/Controller.php(54): call_user_func_array()
#22 /home/joao/Teste/vendor/laravel/framework/src/Illuminate/Routing/ControllerDispatcher.php(45): Illuminate\\Routing\\Controller->callAction()
#23 /home/joao/Teste/vendor/laravel/framework/src/Illuminate/Routing/Route.php(239): Illuminate\\Routing\\ControllerDispatcher->dispatch()
#24 /home/joao/Teste/vendor/laravel/framework/src/Illuminate/Routing/Route.php(196): Illuminate\\Routing\\Route->runController()
#25 /home/joao/Teste/vendor/laravel/framework/src/Illuminate/Routing/Router.php(685): Illuminate\\Routing\\Route->run()
#26 /home/joao/Teste/vendor/laravel/framework/src/Illuminate/Pipeline/Pipeline.php(128): Illuminate\\Routing\\Router->Illuminate\\Routing\\{closure}()
#27 /home/joao/Teste/vendor/laravel/framework/src/Illuminate/Routing/Middleware/SubstituteBindings.php(41): Illuminate\\Pipeline\\Pipeline->Illuminate\\Pipeline\\{closure}()
#28 /home/joao/Teste/vendor/laravel/framework/src/Illuminate/Pipeline/Pipeline.php(167): Illuminate\\Routing\\Middleware\\SubstituteBindings->handle()
#29 /home/joao/Teste/vendor/laravel/framework/src/Illuminate/Routing/Middleware/ThrottleRequests.php(59): Illuminate\\Pipeline\\Pipeline->Illuminate\\Pipeline\\{closure}()
#30 /home/joao/Teste/vendor/laravel/framework/src/Illuminate/Pipeline/Pipeline.php(167): Illuminate\\Routing\\Middleware\\ThrottleRequests->handle()
#31 /home/joao/Teste/vendor/laravel/framework/src/Illuminate/Pipeline/Pipeline.php(103): Illuminate\\Pipeline\\Pipeline->Illuminate\\Pipeline\\{closure}()
#32 /home/joao/Teste/vendor/laravel/framework/src/Illuminate/Routing/Router.php(687): Illuminate\\Pipeline\\Pipeline->then()
#33 /home/joao/Teste/vendor/laravel/framework/src/Illuminate/Routing/Router.php(662): Illuminate\\Routing\\Router->runRouteWithinStack()
#34 /home/joao/Teste/vendor/laravel/framework/src/Illuminate/Routing/Router.php(628): Illuminate\\Routing\\Router->runRoute()
#35 /home/joao/Teste/vendor/laravel/framework/src/Illuminate/Routing/Router.php(617): Illuminate\\Routing\\Router->dispatchToRoute()
#36 /home/joao/Teste/vendor/laravel/framework/src/Illuminate/Foundation/Http/Kernel.php(165): Illuminate\\Routing\\Router->dispatch()
#37 /home/joao/Teste/vendor/laravel/framework/src/Illuminate/Pipeline/Pipeline.php(128): Illuminate\\Foundation\\Http\\Kernel->Illuminate\\Foundation\\Http\\{closure}()
#38 /home/joao/Teste/vendor/laravel/framework/src/Illuminate/Foundation/Http/Middleware/TransformsRequest.php(21): Illuminate\\Pipeline\\Pipeline->Illuminate\\Pipeline\\{closure}()
#39 /home/joao/Teste/vendor/laravel/framework/src/Illuminate/Pipeline/Pipeline.php(167): Illuminate\\Foundation\\Http\\Middleware\\TransformsRequest->handle()
#40 /home/joao/Teste/vendor/laravel/framework/src/Illuminate/Foundation/Http/Middleware/TransformsRequest.php(21): Illuminate\\Pipeline\\Pipeline->Illuminate\\Pipeline\\{closure}()
#41 /home/joao/Teste/vendor/laravel/framework/src/Illuminate/Pipeline/Pipeline.php(167): Illuminate\\Foundation\\Http\\Middleware\\TransformsRequest->handle()
#42 /home/joao/Teste/vendor/laravel/framework/src/Illuminate/Foundation/Http/Middleware/ValidatePostSize.php(27): Illuminate\\Pipeline\\Pipeline->Illuminate\\Pipeline\\{closure}()
#43 /home/joao/Teste/vendor/laravel/framework/src/Illuminate/Pipeline/Pipeline.php(167): Illuminate\\Foundation\\Http\\Middleware\\ValidatePostSize->handle()
#44 /home/joao/Teste/vendor/laravel/framework/src/Illuminate/Foundation/Http/Middleware/CheckForMaintenanceMode.php(63): Illuminate\\Pipeline\\Pipeline->Illuminate\\Pipeline\\{closure}()
#45 /home/joao/Teste/vendor/laravel/framework/src/Illuminate/Pipeline/Pipeline.php(167): Illuminate\\Foundation\\Http\\Middleware\\CheckForMaintenanceMode->handle()
#46 /home/joao/Teste/vendor/fruitcake/laravel-cors/src/HandleCors.php(37): Illuminate\\Pipeline\\Pipeline->Illuminate\\Pipeline\\{closure}()
#47 /home/joao/Teste/vendor/laravel/framework/src/Illuminate/Pipeline/Pipeline.php(167): Fruitcake\\Cors\\HandleCors->handle()
#48 /home/joao/Teste/vendor/fideloper/proxy/src/TrustProxies.php(57): Illuminate\\Pipeline\\Pipeline->Illuminate\\Pipeline\\{closure}()
#49 /home/joao/Teste/vendor/laravel/framework/src/Illuminate/Pipeline/Pipeline.php(167): Fideloper\\Proxy\\TrustProxies->handle()
#50 /home/joao/Teste/vendor/laravel/framework/src/Illuminate/Pipeline/Pipeline.php(103): Illuminate\\Pipeline\\Pipeline->Illuminate\\Pipeline\\{closure}()
#51 /home/joao/Teste/vendor/laravel/framework/src/Illuminate/Foundation/Http/Kernel.php(140): Illuminate\\Pipeline\\Pipeline->then()
#52 /home/joao/Teste/vendor/laravel/framework/src/Illuminate/Foundation/Http/Kernel.php(109): Illuminate\\Foundation\\Http\\Kernel->sendRequestThroughRouter()
#53 /home/joao/Teste/public/index.php(55): Illuminate\\Foundation\\Http\\Kernel->handle()
#54 /home/joao/Teste/server.php(21): require_once('/home/joao/Test...')
#55 {main}
"} 
[2020-07-27 15:05:39] local.ERROR: SQLSTATE[HY000] [1049] Unknown database 'laravel' (SQL: select * from `tasks`) {"exception":"[object] (Illuminate\\Database\\QueryException(code: 1049): SQLSTATE[HY000] [1049] Unknown database 'laravel' (SQL: select * from `tasks`) at /home/joao/Teste/vendor/laravel/framework/src/Illuminate/Database/Connection.php:671)
[stacktrace]
#0 /home/joao/Teste/vendor/laravel/framework/src/Illuminate/Database/Connection.php(631): Illuminate\\Database\\Connection->runQueryCallback()
#1 /home/joao/Teste/vendor/laravel/framework/src/Illuminate/Database/Connection.php(339): Illuminate\\Database\\Connection->run()
#2 /home/joao/Teste/vendor/laravel/framework/src/Illuminate/Database/Query/Builder.php(2205): Illuminate\\Database\\Connection->select()
#3 /home/joao/Teste/vendor/laravel/framework/src/Illuminate/Database/Query/Builder.php(2193): Illuminate\\Database\\Query\\Builder->runSelect()
#4 /home/joao/Teste/vendor/laravel/framework/src/Illuminate/Database/Query/Builder.php(2688): Illuminate\\Database\\Query\\Builder->Illuminate\\Database\\Query\\{closure}()
#5 /home/joao/Teste/vendor/laravel/framework/src/Illuminate/Database/Query/Builder.php(2194): Illuminate\\Database\\Query\\Builder->onceWithColumns()
#6 /home/joao/Teste/vendor/laravel/framework/src/Illuminate/Database/Eloquent/Builder.php(539): Illuminate\\Database\\Query\\Builder->get()
#7 /home/joao/Teste/vendor/laravel/framework/src/Illuminate/Database/Eloquent/Builder.php(523): Illuminate\\Database\\Eloquent\\Builder->getModels()
#8 /home/joao/Teste/vendor/laravel/framework/src/Illuminate/Database/Eloquent/Model.php(489): Illuminate\\Database\\Eloquent\\Builder->get()
#9 /home/joao/Teste/app/Http/Controllers/Api/TaskController.php(13): Illuminate\\Database\\Eloquent\\Model::all()
#10 [internal function]: App\\Http\\Controllers\\Api\\TaskController->index()
#11 /home/joao/Teste/vendor/laravel/framework/src/Illuminate/Routing/Controller.php(54): call_user_func_array()
#12 /home/joao/Teste/vendor/laravel/framework/src/Illuminate/Routing/ControllerDispatcher.php(45): Illuminate\\Routing\\Controller->callAction()
#13 /home/joao/Teste/vendor/laravel/framework/src/Illuminate/Routing/Route.php(239): Illuminate\\Routing\\ControllerDispatcher->dispatch()
#14 /home/joao/Teste/vendor/laravel/framework/src/Illuminate/Routing/Route.php(196): Illuminate\\Routing\\Route->runController()
#15 /home/joao/Teste/vendor/laravel/framework/src/Illuminate/Routing/Router.php(685): Illuminate\\Routing\\Route->run()
#16 /home/joao/Teste/vendor/laravel/framework/src/Illuminate/Pipeline/Pipeline.php(128): Illuminate\\Routing\\Router->Illuminate\\Routing\\{closure}()
#17 /home/joao/Teste/vendor/laravel/framework/src/Illuminate/Routing/Middleware/SubstituteBindings.php(41): Illuminate\\Pipeline\\Pipeline->Illuminate\\Pipeline\\{closure}()
#18 /home/joao/Teste/vendor/laravel/framework/src/Illuminate/Pipeline/Pipeline.php(167): Illuminate\\Routing\\Middleware\\SubstituteBindings->handle()
#19 /home/joao/Teste/vendor/laravel/framework/src/Illuminate/Routing/Middleware/ThrottleRequests.php(59): Illuminate\\Pipeline\\Pipeline->Illuminate\\Pipeline\\{closure}()
#20 /home/joao/Teste/vendor/laravel/framework/src/Illuminate/Pipeline/Pipeline.php(167): Illuminate\\Routing\\Middleware\\ThrottleRequests->handle()
#21 /home/joao/Teste/vendor/laravel/framework/src/Illuminate/Pipeline/Pipeline.php(103): Illuminate\\Pipeline\\Pipeline->Illuminate\\Pipeline\\{closure}()
#22 /home/joao/Teste/vendor/laravel/framework/src/Illuminate/Routing/Router.php(687): Illuminate\\Pipeline\\Pipeline->then()
#23 /home/joao/Teste/vendor/laravel/framework/src/Illuminate/Routing/Router.php(662): Illuminate\\Routing\\Router->runRouteWithinStack()
#24 /home/joao/Teste/vendor/laravel/framework/src/Illuminate/Routing/Router.php(628): Illuminate\\Routing\\Router->runRoute()
#25 /home/joao/Teste/vendor/laravel/framework/src/Illuminate/Routing/Router.php(617): Illuminate\\Routing\\Router->dispatchToRoute()
#26 /home/joao/Teste/vendor/laravel/framework/src/Illuminate/Foundation/Http/Kernel.php(165): Illuminate\\Routing\\Router->dispatch()
#27 /home/joao/Teste/vendor/laravel/framework/src/Illuminate/Pipeline/Pipeline.php(128): Illuminate\\Foundation\\Http\\Kernel->Illuminate\\Foundation\\Http\\{closure}()
#28 /home/joao/Teste/vendor/laravel/framework/src/Illuminate/Foundation/Http/Middleware/TransformsRequest.php(21): Illuminate\\Pipeline\\Pipeline->Illuminate\\Pipeline\\{closure}()
#29 /home/joao/Teste/vendor/laravel/framework/src/Illuminate/Pipeline/Pipeline.php(167): Illuminate\\Foundation\\Http\\Middleware\\TransformsRequest->handle()
#30 /home/joao/Teste/vendor/laravel/framework/src/Illuminate/Foundation/Http/Middleware/TransformsRequest.php(21): Illuminate\\Pipeline\\Pipeline->Illuminate\\Pipeline\\{closure}()
#31 /home/joao/Teste/vendor/laravel/framework/src/Illuminate/Pipeline/Pipeline.php(167): Illuminate\\Foundation\\Http\\Middleware\\TransformsRequest->handle()
#32 /home/joao/Teste/vendor/laravel/framework/src/Illuminate/Foundation/Http/Middleware/ValidatePostSize.php(27): Illuminate\\Pipeline\\Pipeline->Illuminate\\Pipeline\\{closure}()
#33 /home/joao/Teste/vendor/laravel/framework/src/Illuminate/Pipeline/Pipeline.php(167): Illuminate\\Foundation\\Http\\Middleware\\ValidatePostSize->handle()
#34 /home/joao/Teste/vendor/laravel/framework/src/Illuminate/Foundation/Http/Middleware/CheckForMaintenanceMode.php(63): Illuminate\\Pipeline\\Pipeline->Illuminate\\Pipeline\\{closure}()
#35 /home/joao/Teste/vendor/laravel/framework/src/Illuminate/Pipeline/Pipeline.php(167): Illuminate\\Foundation\\Http\\Middleware\\CheckForMaintenanceMode->handle()
#36 /home/joao/Teste/vendor/fruitcake/laravel-cors/src/HandleCors.php(37): Illuminate\\Pipeline\\Pipeline->Illuminate\\Pipeline\\{closure}()
#37 /home/joao/Teste/vendor/laravel/framework/src/Illuminate/Pipeline/Pipeline.php(167): Fruitcake\\Cors\\HandleCors->handle()
#38 /home/joao/Teste/vendor/fideloper/proxy/src/TrustProxies.php(57): Illuminate\\Pipeline\\Pipeline->Illuminate\\Pipeline\\{closure}()
#39 /home/joao/Teste/vendor/laravel/framework/src/Illuminate/Pipeline/Pipeline.php(167): Fideloper\\Proxy\\TrustProxies->handle()
#40 /home/joao/Teste/vendor/laravel/framework/src/Illuminate/Pipeline/Pipeline.php(103): Illuminate\\Pipeline\\Pipeline->Illuminate\\Pipeline\\{closure}()
#41 /home/joao/Teste/vendor/laravel/framework/src/Illuminate/Foundation/Http/Kernel.php(140): Illuminate\\Pipeline\\Pipeline->then()
#42 /home/joao/Teste/vendor/laravel/framework/src/Illuminate/Foundation/Http/Kernel.php(109): Illuminate\\Foundation\\Http\\Kernel->sendRequestThroughRouter()
#43 /home/joao/Teste/public/index.php(55): Illuminate\\Foundation\\Http\\Kernel->handle()
#44 /home/joao/Teste/server.php(21): require_once('/home/joao/Test...')
#45 {main}

[previous exception] [object] (PDOException(code: 1049): SQLSTATE[HY000] [1049] Unknown database 'laravel' at /home/joao/Teste/vendor/laravel/framework/src/Illuminate/Database/Connectors/Connector.php:70)
[stacktrace]
#0 /home/joao/Teste/vendor/laravel/framework/src/Illuminate/Database/Connectors/Connector.php(70): PDO->__construct()
#1 /home/joao/Teste/vendor/laravel/framework/src/Illuminate/Database/Connectors/Connector.php(46): Illuminate\\Database\\Connectors\\Connector->createPdoConnection()
#2 /home/joao/Teste/vendor/laravel/framework/src/Illuminate/Database/Connectors/MySqlConnector.php(24): Illuminate\\Database\\Connectors\\Connector->createConnection()
#3 /home/joao/Teste/vendor/laravel/framework/src/Illuminate/Database/Connectors/ConnectionFactory.php(184): Illuminate\\Database\\Connectors\\MySqlConnector->connect()
#4 [internal function]: Illuminate\\Database\\Connectors\\ConnectionFactory->Illuminate\\Database\\Connectors\\{closure}()
#5 /home/joao/Teste/vendor/laravel/framework/src/Illuminate/Database/Connection.php(926): call_user_func()
#6 /home/joao/Teste/vendor/laravel/framework/src/Illuminate/Database/Connection.php(961): Illuminate\\Database\\Connection->getPdo()
#7 /home/joao/Teste/vendor/laravel/framework/src/Illuminate/Database/Connection.php(405): Illuminate\\Database\\Connection->getReadPdo()
#8 /home/joao/Teste/vendor/laravel/framework/src/Illuminate/Database/Connection.php(331): Illuminate\\Database\\Connection->getPdoForSelect()
#9 /home/joao/Teste/vendor/laravel/framework/src/Illuminate/Database/Connection.php(664): Illuminate\\Database\\Connection->Illuminate\\Database\\{closure}()
#10 /home/joao/Teste/vendor/laravel/framework/src/Illuminate/Database/Connection.php(631): Illuminate\\Database\\Connection->runQueryCallback()
#11 /home/joao/Teste/vendor/laravel/framework/src/Illuminate/Database/Connection.php(339): Illuminate\\Database\\Connection->run()
#12 /home/joao/Teste/vendor/laravel/framework/src/Illuminate/Database/Query/Builder.php(2205): Illuminate\\Database\\Connection->select()
#13 /home/joao/Teste/vendor/laravel/framework/src/Illuminate/Database/Query/Builder.php(2193): Illuminate\\Database\\Query\\Builder->runSelect()
#14 /home/joao/Teste/vendor/laravel/framework/src/Illuminate/Database/Query/Builder.php(2688): Illuminate\\Database\\Query\\Builder->Illuminate\\Database\\Query\\{closure}()
#15 /home/joao/Teste/vendor/laravel/framework/src/Illuminate/Database/Query/Builder.php(2194): Illuminate\\Database\\Query\\Builder->onceWithColumns()
#16 /home/joao/Teste/vendor/laravel/framework/src/Illuminate/Database/Eloquent/Builder.php(539): Illuminate\\Database\\Query\\Builder->get()
#17 /home/joao/Teste/vendor/laravel/framework/src/Illuminate/Database/Eloquent/Builder.php(523): Illuminate\\Database\\Eloquent\\Builder->getModels()
#18 /home/joao/Teste/vendor/laravel/framework/src/Illuminate/Database/Eloquent/Model.php(489): Illuminate\\Database\\Eloquent\\Builder->get()
#19 /home/joao/Teste/app/Http/Controllers/Api/TaskController.php(13): Illuminate\\Database\\Eloquent\\Model::all()
#20 [internal function]: App\\Http\\Controllers\\Api\\TaskController->index()
#21 /home/joao/Teste/vendor/laravel/framework/src/Illuminate/Routing/Controller.php(54): call_user_func_array()
#22 /home/joao/Teste/vendor/laravel/framework/src/Illuminate/Routing/ControllerDispatcher.php(45): Illuminate\\Routing\\Controller->callAction()
#23 /home/joao/Teste/vendor/laravel/framework/src/Illuminate/Routing/Route.php(239): Illuminate\\Routing\\ControllerDispatcher->dispatch()
#24 /home/joao/Teste/vendor/laravel/framework/src/Illuminate/Routing/Route.php(196): Illuminate\\Routing\\Route->runController()
#25 /home/joao/Teste/vendor/laravel/framework/src/Illuminate/Routing/Router.php(685): Illuminate\\Routing\\Route->run()
#26 /home/joao/Teste/vendor/laravel/framework/src/Illuminate/Pipeline/Pipeline.php(128): Illuminate\\Routing\\Router->Illuminate\\Routing\\{closure}()
#27 /home/joao/Teste/vendor/laravel/framework/src/Illuminate/Routing/Middleware/SubstituteBindings.php(41): Illuminate\\Pipeline\\Pipeline->Illuminate\\Pipeline\\{closure}()
#28 /home/joao/Teste/vendor/laravel/framework/src/Illuminate/Pipeline/Pipeline.php(167): Illuminate\\Routing\\Middleware\\SubstituteBindings->handle()
#29 /home/joao/Teste/vendor/laravel/framework/src/Illuminate/Routing/Middleware/ThrottleRequests.php(59): Illuminate\\Pipeline\\Pipeline->Illuminate\\Pipeline\\{closure}()
#30 /home/joao/Teste/vendor/laravel/framework/src/Illuminate/Pipeline/Pipeline.php(167): Illuminate\\Routing\\Middleware\\ThrottleRequests->handle()
#31 /home/joao/Teste/vendor/laravel/framework/src/Illuminate/Pipeline/Pipeline.php(103): Illuminate\\Pipeline\\Pipeline->Illuminate\\Pipeline\\{closure}()
#32 /home/joao/Teste/vendor/laravel/framework/src/Illuminate/Routing/Router.php(687): Illuminate\\Pipeline\\Pipeline->then()
#33 /home/joao/Teste/vendor/laravel/framework/src/Illuminate/Routing/Router.php(662): Illuminate\\Routing\\Router->runRouteWithinStack()
#34 /home/joao/Teste/vendor/laravel/framework/src/Illuminate/Routing/Router.php(628): Illuminate\\Routing\\Router->runRoute()
#35 /home/joao/Teste/vendor/laravel/framework/src/Illuminate/Routing/Router.php(617): Illuminate\\Routing\\Router->dispatchToRoute()
#36 /home/joao/Teste/vendor/laravel/framework/src/Illuminate/Foundation/Http/Kernel.php(165): Illuminate\\Routing\\Router->dispatch()
#37 /home/joao/Teste/vendor/laravel/framework/src/Illuminate/Pipeline/Pipeline.php(128): Illuminate\\Foundation\\Http\\Kernel->Illuminate\\Foundation\\Http\\{closure}()
#38 /home/joao/Teste/vendor/laravel/framework/src/Illuminate/Foundation/Http/Middleware/TransformsRequest.php(21): Illuminate\\Pipeline\\Pipeline->Illuminate\\Pipeline\\{closure}()
#39 /home/joao/Teste/vendor/laravel/framework/src/Illuminate/Pipeline/Pipeline.php(167): Illuminate\\Foundation\\Http\\Middleware\\TransformsRequest->handle()
#40 /home/joao/Teste/vendor/laravel/framework/src/Illuminate/Foundation/Http/Middleware/TransformsRequest.php(21): Illuminate\\Pipeline\\Pipeline->Illuminate\\Pipeline\\{closure}()
#41 /home/joao/Teste/vendor/laravel/framework/src/Illuminate/Pipeline/Pipeline.php(167): Illuminate\\Foundation\\Http\\Middleware\\TransformsRequest->handle()
#42 /home/joao/Teste/vendor/laravel/framework/src/Illuminate/Foundation/Http/Middleware/ValidatePostSize.php(27): Illuminate\\Pipeline\\Pipeline->Illuminate\\Pipeline\\{closure}()
#43 /home/joao/Teste/vendor/laravel/framework/src/Illuminate/Pipeline/Pipeline.php(167): Illuminate\\Foundation\\Http\\Middleware\\ValidatePostSize->handle()
#44 /home/joao/Teste/vendor/laravel/framework/src/Illuminate/Foundation/Http/Middleware/CheckForMaintenanceMode.php(63): Illuminate\\Pipeline\\Pipeline->Illuminate\\Pipeline\\{closure}()
#45 /home/joao/Teste/vendor/laravel/framework/src/Illuminate/Pipeline/Pipeline.php(167): Illuminate\\Foundation\\Http\\Middleware\\CheckForMaintenanceMode->handle()
#46 /home/joao/Teste/vendor/fruitcake/laravel-cors/src/HandleCors.php(37): Illuminate\\Pipeline\\Pipeline->Illuminate\\Pipeline\\{closure}()
#47 /home/joao/Teste/vendor/laravel/framework/src/Illuminate/Pipeline/Pipeline.php(167): Fruitcake\\Cors\\HandleCors->handle()
#48 /home/joao/Teste/vendor/fideloper/proxy/src/TrustProxies.php(57): Illuminate\\Pipeline\\Pipeline->Illuminate\\Pipeline\\{closure}()
#49 /home/joao/Teste/vendor/laravel/framework/src/Illuminate/Pipeline/Pipeline.php(167): Fideloper\\Proxy\\TrustProxies->handle()
#50 /home/joao/Teste/vendor/laravel/framework/src/Illuminate/Pipeline/Pipeline.php(103): Illuminate\\Pipeline\\Pipeline->Illuminate\\Pipeline\\{closure}()
#51 /home/joao/Teste/vendor/laravel/framework/src/Illuminate/Foundation/Http/Kernel.php(140): Illuminate\\Pipeline\\Pipeline->then()
#52 /home/joao/Teste/vendor/laravel/framework/src/Illuminate/Foundation/Http/Kernel.php(109): Illuminate\\Foundation\\Http\\Kernel->sendRequestThroughRouter()
#53 /home/joao/Teste/public/index.php(55): Illuminate\\Foundation\\Http\\Kernel->handle()
#54 /home/joao/Teste/server.php(21): require_once('/home/joao/Test...')
#55 {main}
"} 
[2020-07-27 15:20:47] local.ERROR: Target class [App\Http\Controllers\Api\VeiculoController] does not exist. {"exception":"[object] (Illuminate\\Contracts\\Container\\BindingResolutionException(code: 0): Target class [App\\Http\\Controllers\\Api\\VeiculoController] does not exist. at /home/joao/Teste/vendor/laravel/framework/src/Illuminate/Container/Container.php:811)
[stacktrace]
#0 /home/joao/Teste/vendor/laravel/framework/src/Illuminate/Container/Container.php(691): Illuminate\\Container\\Container->build()
#1 /home/joao/Teste/vendor/laravel/framework/src/Illuminate/Foundation/Application.php(796): Illuminate\\Container\\Container->resolve()
#2 /home/joao/Teste/vendor/laravel/framework/src/Illuminate/Container/Container.php(637): Illuminate\\Foundation\\Application->resolve()
#3 /home/joao/Teste/vendor/laravel/framework/src/Illuminate/Foundation/Application.php(781): Illuminate\\Container\\Container->make()
#4 /home/joao/Teste/vendor/laravel/framework/src/Illuminate/Routing/Route.php(253): Illuminate\\Foundation\\Application->make()
#5 /home/joao/Teste/vendor/laravel/framework/src/Illuminate/Routing/Route.php(970): Illuminate\\Routing\\Route->getController()
#6 /home/joao/Teste/vendor/laravel/framework/src/Illuminate/Routing/Route.php(931): Illuminate\\Routing\\Route->controllerMiddleware()
#7 /home/joao/Teste/vendor/laravel/framework/src/Illuminate/Routing/Router.php(702): Illuminate\\Routing\\Route->gatherMiddleware()
#8 /home/joao/Teste/vendor/laravel/framework/src/Illuminate/Routing/Router.php(678): Illuminate\\Routing\\Router->gatherRouteMiddleware()
#9 /home/joao/Teste/vendor/laravel/framework/src/Illuminate/Routing/Router.php(662): Illuminate\\Routing\\Router->runRouteWithinStack()
#10 /home/joao/Teste/vendor/laravel/framework/src/Illuminate/Routing/Router.php(628): Illuminate\\Routing\\Router->runRoute()
#11 /home/joao/Teste/vendor/laravel/framework/src/Illuminate/Routing/Router.php(617): Illuminate\\Routing\\Router->dispatchToRoute()
#12 /home/joao/Teste/vendor/laravel/framework/src/Illuminate/Foundation/Http/Kernel.php(165): Illuminate\\Routing\\Router->dispatch()
#13 /home/joao/Teste/vendor/laravel/framework/src/Illuminate/Pipeline/Pipeline.php(128): Illuminate\\Foundation\\Http\\Kernel->Illuminate\\Foundation\\Http\\{closure}()
#14 /home/joao/Teste/vendor/laravel/framework/src/Illuminate/Foundation/Http/Middleware/TransformsRequest.php(21): Illuminate\\Pipeline\\Pipeline->Illuminate\\Pipeline\\{closure}()
#15 /home/joao/Teste/vendor/laravel/framework/src/Illuminate/Pipeline/Pipeline.php(167): Illuminate\\Foundation\\Http\\Middleware\\TransformsRequest->handle()
#16 /home/joao/Teste/vendor/laravel/framework/src/Illuminate/Foundation/Http/Middleware/TransformsRequest.php(21): Illuminate\\Pipeline\\Pipeline->Illuminate\\Pipeline\\{closure}()
#17 /home/joao/Teste/vendor/laravel/framework/src/Illuminate/Pipeline/Pipeline.php(167): Illuminate\\Foundation\\Http\\Middleware\\TransformsRequest->handle()
#18 /home/joao/Teste/vendor/laravel/framework/src/Illuminate/Foundation/Http/Middleware/ValidatePostSize.php(27): Illuminate\\Pipeline\\Pipeline->Illuminate\\Pipeline\\{closure}()
#19 /home/joao/Teste/vendor/laravel/framework/src/Illuminate/Pipeline/Pipeline.php(167): Illuminate\\Foundation\\Http\\Middleware\\ValidatePostSize->handle()
#20 /home/joao/Teste/vendor/laravel/framework/src/Illuminate/Foundation/Http/Middleware/CheckForMaintenanceMode.php(63): Illuminate\\Pipeline\\Pipeline->Illuminate\\Pipeline\\{closure}()
#21 /home/joao/Teste/vendor/laravel/framework/src/Illuminate/Pipeline/Pipeline.php(167): Illuminate\\Foundation\\Http\\Middleware\\CheckForMaintenanceMode->handle()
#22 /home/joao/Teste/vendor/fruitcake/laravel-cors/src/HandleCors.php(37): Illuminate\\Pipeline\\Pipeline->Illuminate\\Pipeline\\{closure}()
#23 /home/joao/Teste/vendor/laravel/framework/src/Illuminate/Pipeline/Pipeline.php(167): Fruitcake\\Cors\\HandleCors->handle()
#24 /home/joao/Teste/vendor/fideloper/proxy/src/TrustProxies.php(57): Illuminate\\Pipeline\\Pipeline->Illuminate\\Pipeline\\{closure}()
#25 /home/joao/Teste/vendor/laravel/framework/src/Illuminate/Pipeline/Pipeline.php(167): Fideloper\\Proxy\\TrustProxies->handle()
#26 /home/joao/Teste/vendor/laravel/framework/src/Illuminate/Pipeline/Pipeline.php(103): Illuminate\\Pipeline\\Pipeline->Illuminate\\Pipeline\\{closure}()
#27 /home/joao/Teste/vendor/laravel/framework/src/Illuminate/Foundation/Http/Kernel.php(140): Illuminate\\Pipeline\\Pipeline->then()
#28 /home/joao/Teste/vendor/laravel/framework/src/Illuminate/Foundation/Http/Kernel.php(109): Illuminate\\Foundation\\Http\\Kernel->sendRequestThroughRouter()
#29 /home/joao/Teste/public/index.php(55): Illuminate\\Foundation\\Http\\Kernel->handle()
#30 /home/joao/Teste/server.php(21): require_once('/home/joao/Test...')
#31 {main}

[previous exception] [object] (ReflectionException(code: -1): Class App\\Http\\Controllers\\Api\\VeiculoController does not exist at /home/joao/Teste/vendor/laravel/framework/src/Illuminate/Container/Container.php:809)
[stacktrace]
#0 /home/joao/Teste/vendor/laravel/framework/src/Illuminate/Container/Container.php(809): ReflectionClass->__construct()
#1 /home/joao/Teste/vendor/laravel/framework/src/Illuminate/Container/Container.php(691): Illuminate\\Container\\Container->build()
#2 /home/joao/Teste/vendor/laravel/framework/src/Illuminate/Foundation/Application.php(796): Illuminate\\Container\\Container->resolve()
#3 /home/joao/Teste/vendor/laravel/framework/src/Illuminate/Container/Container.php(637): Illuminate\\Foundation\\Application->resolve()
#4 /home/joao/Teste/vendor/laravel/framework/src/Illuminate/Foundation/Application.php(781): Illuminate\\Container\\Container->make()
#5 /home/joao/Teste/vendor/laravel/framework/src/Illuminate/Routing/Route.php(253): Illuminate\\Foundation\\Application->make()
#6 /home/joao/Teste/vendor/laravel/framework/src/Illuminate/Routing/Route.php(970): Illuminate\\Routing\\Route->getController()
#7 /home/joao/Teste/vendor/laravel/framework/src/Illuminate/Routing/Route.php(931): Illuminate\\Routing\\Route->controllerMiddleware()
#8 /home/joao/Teste/vendor/laravel/framework/src/Illuminate/Routing/Router.php(702): Illuminate\\Routing\\Route->gatherMiddleware()
#9 /home/joao/Teste/vendor/laravel/framework/src/Illuminate/Routing/Router.php(678): Illuminate\\Routing\\Router->gatherRouteMiddleware()
#10 /home/joao/Teste/vendor/laravel/framework/src/Illuminate/Routing/Router.php(662): Illuminate\\Routing\\Router->runRouteWithinStack()
#11 /home/joao/Teste/vendor/laravel/framework/src/Illuminate/Routing/Router.php(628): Illuminate\\Routing\\Router->runRoute()
#12 /home/joao/Teste/vendor/laravel/framework/src/Illuminate/Routing/Router.php(617): Illuminate\\Routing\\Router->dispatchToRoute()
#13 /home/joao/Teste/vendor/laravel/framework/src/Illuminate/Foundation/Http/Kernel.php(165): Illuminate\\Routing\\Router->dispatch()
#14 /home/joao/Teste/vendor/laravel/framework/src/Illuminate/Pipeline/Pipeline.php(128): Illuminate\\Foundation\\Http\\Kernel->Illuminate\\Foundation\\Http\\{closure}()
#15 /home/joao/Teste/vendor/laravel/framework/src/Illuminate/Foundation/Http/Middleware/TransformsRequest.php(21): Illuminate\\Pipeline\\Pipeline->Illuminate\\Pipeline\\{closure}()
#16 /home/joao/Teste/vendor/laravel/framework/src/Illuminate/Pipeline/Pipeline.php(167): Illuminate\\Foundation\\Http\\Middleware\\TransformsRequest->handle()
#17 /home/joao/Teste/vendor/laravel/framework/src/Illuminate/Foundation/Http/Middleware/TransformsRequest.php(21): Illuminate\\Pipeline\\Pipeline->Illuminate\\Pipeline\\{closure}()
#18 /home/joao/Teste/vendor/laravel/framework/src/Illuminate/Pipeline/Pipeline.php(167): Illuminate\\Foundation\\Http\\Middleware\\TransformsRequest->handle()
#19 /home/joao/Teste/vendor/laravel/framework/src/Illuminate/Foundation/Http/Middleware/ValidatePostSize.php(27): Illuminate\\Pipeline\\Pipeline->Illuminate\\Pipeline\\{closure}()
#20 /home/joao/Teste/vendor/laravel/framework/src/Illuminate/Pipeline/Pipeline.php(167): Illuminate\\Foundation\\Http\\Middleware\\ValidatePostSize->handle()
#21 /home/joao/Teste/vendor/laravel/framework/src/Illuminate/Foundation/Http/Middleware/CheckForMaintenanceMode.php(63): Illuminate\\Pipeline\\Pipeline->Illuminate\\Pipeline\\{closure}()
#22 /home/joao/Teste/vendor/laravel/framework/src/Illuminate/Pipeline/Pipeline.php(167): Illuminate\\Foundation\\Http\\Middleware\\CheckForMaintenanceMode->handle()
#23 /home/joao/Teste/vendor/fruitcake/laravel-cors/src/HandleCors.php(37): Illuminate\\Pipeline\\Pipeline->Illuminate\\Pipeline\\{closure}()
#24 /home/joao/Teste/vendor/laravel/framework/src/Illuminate/Pipeline/Pipeline.php(167): Fruitcake\\Cors\\HandleCors->handle()
#25 /home/joao/Teste/vendor/fideloper/proxy/src/TrustProxies.php(57): Illuminate\\Pipeline\\Pipeline->Illuminate\\Pipeline\\{closure}()
#26 /home/joao/Teste/vendor/laravel/framework/src/Illuminate/Pipeline/Pipeline.php(167): Fideloper\\Proxy\\TrustProxies->handle()
#27 /home/joao/Teste/vendor/laravel/framework/src/Illuminate/Pipeline/Pipeline.php(103): Illuminate\\Pipeline\\Pipeline->Illuminate\\Pipeline\\{closure}()
#28 /home/joao/Teste/vendor/laravel/framework/src/Illuminate/Foundation/Http/Kernel.php(140): Illuminate\\Pipeline\\Pipeline->then()
#29 /home/joao/Teste/vendor/laravel/framework/src/Illuminate/Foundation/Http/Kernel.php(109): Illuminate\\Foundation\\Http\\Kernel->sendRequestThroughRouter()
#30 /home/joao/Teste/public/index.php(55): Illuminate\\Foundation\\Http\\Kernel->handle()
#31 /home/joao/Teste/server.php(21): require_once('/home/joao/Test...')
#32 {main}
"} 
[2020-07-27 17:06:16] local.ERROR: Class 'App\MOdels\Veiculo' not found {"exception":"[object] (Error(code: 0): Class 'App\\MOdels\\Veiculo' not found at /home/joao/Documentos/back-end/vendor/laravel/framework/src/Illuminate/Database/Eloquent/FactoryBuilder.php:232)
[stacktrace]
#0 /home/joao/Documentos/back-end/vendor/laravel/framework/src/Illuminate/Database/Eloquent/FactoryBuilder.php(169): Illuminate\\Database\\Eloquent\\FactoryBuilder->make()
#1 /home/joao/Documentos/back-end/database/seeds/VeiculoTableSeeder.php(14): Illuminate\\Database\\Eloquent\\FactoryBuilder->create()
#2 [internal function]: VeiculoTableSeeder->run()
#3 /home/joao/Documentos/back-end/vendor/laravel/framework/src/Illuminate/Container/BoundMethod.php(37): call_user_func_array()
#4 /home/joao/Documentos/back-end/vendor/laravel/framework/src/Illuminate/Container/Util.php(37): Illuminate\\Container\\BoundMethod::Illuminate\\Container\\{closure}()
#5 /home/joao/Documentos/back-end/vendor/laravel/framework/src/Illuminate/Container/BoundMethod.php(95): Illuminate\\Container\\Util::unwrapIfClosure()
#6 /home/joao/Documentos/back-end/vendor/laravel/framework/src/Illuminate/Container/BoundMethod.php(39): Illuminate\\Container\\BoundMethod::callBoundMethod()
#7 /home/joao/Documentos/back-end/vendor/laravel/framework/src/Illuminate/Container/Container.php(596): Illuminate\\Container\\BoundMethod::call()
#8 /home/joao/Documentos/back-end/vendor/laravel/framework/src/Illuminate/Database/Seeder.php(134): Illuminate\\Container\\Container->call()
#9 /home/joao/Documentos/back-end/vendor/laravel/framework/src/Illuminate/Database/Seeder.php(48): Illuminate\\Database\\Seeder->__invoke()
#10 /home/joao/Documentos/back-end/database/seeds/DatabaseSeeder.php(14): Illuminate\\Database\\Seeder->call()
#11 [internal function]: DatabaseSeeder->run()
#12 /home/joao/Documentos/back-end/vendor/laravel/framework/src/Illuminate/Container/BoundMethod.php(37): call_user_func_array()
#13 /home/joao/Documentos/back-end/vendor/laravel/framework/src/Illuminate/Container/Util.php(37): Illuminate\\Container\\BoundMethod::Illuminate\\Container\\{closure}()
#14 /home/joao/Documentos/back-end/vendor/laravel/framework/src/Illuminate/Container/BoundMethod.php(95): Illuminate\\Container\\Util::unwrapIfClosure()
#15 /home/joao/Documentos/back-end/vendor/laravel/framework/src/Illuminate/Container/BoundMethod.php(39): Illuminate\\Container\\BoundMethod::callBoundMethod()
#16 /home/joao/Documentos/back-end/vendor/laravel/framework/src/Illuminate/Container/Container.php(596): Illuminate\\Container\\BoundMethod::call()
#17 /home/joao/Documentos/back-end/vendor/laravel/framework/src/Illuminate/Database/Seeder.php(134): Illuminate\\Container\\Container->call()
#18 /home/joao/Documentos/back-end/vendor/laravel/framework/src/Illuminate/Database/Console/Seeds/SeedCommand.php(65): Illuminate\\Database\\Seeder->__invoke()
#19 /home/joao/Documentos/back-end/vendor/laravel/framework/src/Illuminate/Database/Eloquent/Concerns/GuardsAttributes.php(148): Illuminate\\Database\\Console\\Seeds\\SeedCommand->Illuminate\\Database\\Console\\Seeds\\{closure}()
#20 /home/joao/Documentos/back-end/vendor/laravel/framework/src/Illuminate/Database/Console/Seeds/SeedCommand.php(66): Illuminate\\Database\\Eloquent\\Model::unguarded()
#21 [internal function]: Illuminate\\Database\\Console\\Seeds\\SeedCommand->handle()
#22 /home/joao/Documentos/back-end/vendor/laravel/framework/src/Illuminate/Container/BoundMethod.php(37): call_user_func_array()
#23 /home/joao/Documentos/back-end/vendor/laravel/framework/src/Illuminate/Container/Util.php(37): Illuminate\\Container\\BoundMethod::Illuminate\\Container\\{closure}()
#24 /home/joao/Documentos/back-end/vendor/laravel/framework/src/Illuminate/Container/BoundMethod.php(95): Illuminate\\Container\\Util::unwrapIfClosure()
#25 /home/joao/Documentos/back-end/vendor/laravel/framework/src/Illuminate/Container/BoundMethod.php(39): Illuminate\\Container\\BoundMethod::callBoundMethod()
#26 /home/joao/Documentos/back-end/vendor/laravel/framework/src/Illuminate/Container/Container.php(596): Illuminate\\Container\\BoundMethod::call()
#27 /home/joao/Documentos/back-end/vendor/laravel/framework/src/Illuminate/Console/Command.php(134): Illuminate\\Container\\Container->call()
#28 /home/joao/Documentos/back-end/vendor/symfony/console/Command/Command.php(258): Illuminate\\Console\\Command->execute()
#29 /home/joao/Documentos/back-end/vendor/laravel/framework/src/Illuminate/Console/Command.php(121): Symfony\\Component\\Console\\Command\\Command->run()
#30 /home/joao/Documentos/back-end/vendor/laravel/framework/src/Illuminate/Console/Concerns/CallsCommands.php(56): Illuminate\\Console\\Command->run()
#31 /home/joao/Documentos/back-end/vendor/laravel/framework/src/Illuminate/Console/Concerns/CallsCommands.php(28): Illuminate\\Console\\Command->runCommand()
#32 /home/joao/Documentos/back-end/vendor/laravel/framework/src/Illuminate/Database/Console/Migrations/FreshCommand.php(81): Illuminate\\Console\\Command->call()
#33 /home/joao/Documentos/back-end/vendor/laravel/framework/src/Illuminate/Database/Console/Migrations/FreshCommand.php(56): Illuminate\\Database\\Console\\Migrations\\FreshCommand->runSeeder()
#34 [internal function]: Illuminate\\Database\\Console\\Migrations\\FreshCommand->handle()
#35 /home/joao/Documentos/back-end/vendor/laravel/framework/src/Illuminate/Container/BoundMethod.php(37): call_user_func_array()
#36 /home/joao/Documentos/back-end/vendor/laravel/framework/src/Illuminate/Container/Util.php(37): Illuminate\\Container\\BoundMethod::Illuminate\\Container\\{closure}()
#37 /home/joao/Documentos/back-end/vendor/laravel/framework/src/Illuminate/Container/BoundMethod.php(95): Illuminate\\Container\\Util::unwrapIfClosure()
#38 /home/joao/Documentos/back-end/vendor/laravel/framework/src/Illuminate/Container/BoundMethod.php(39): Illuminate\\Container\\BoundMethod::callBoundMethod()
#39 /home/joao/Documentos/back-end/vendor/laravel/framework/src/Illuminate/Container/Container.php(596): Illuminate\\Container\\BoundMethod::call()
#40 /home/joao/Documentos/back-end/vendor/laravel/framework/src/Illuminate/Console/Command.php(134): Illuminate\\Container\\Container->call()
#41 /home/joao/Documentos/back-end/vendor/symfony/console/Command/Command.php(258): Illuminate\\Console\\Command->execute()
#42 /home/joao/Documentos/back-end/vendor/laravel/framework/src/Illuminate/Console/Command.php(121): Symfony\\Component\\Console\\Command\\Command->run()
#43 /home/joao/Documentos/back-end/vendor/symfony/console/Application.php(911): Illuminate\\Console\\Command->run()
#44 /home/joao/Documentos/back-end/vendor/symfony/console/Application.php(264): Symfony\\Component\\Console\\Application->doRunCommand()
#45 /home/joao/Documentos/back-end/vendor/symfony/console/Application.php(140): Symfony\\Component\\Console\\Application->doRun()
#46 /home/joao/Documentos/back-end/vendor/laravel/framework/src/Illuminate/Console/Application.php(93): Symfony\\Component\\Console\\Application->run()
#47 /home/joao/Documentos/back-end/vendor/laravel/framework/src/Illuminate/Foundation/Console/Kernel.php(129): Illuminate\\Console\\Application->run()
#48 /home/joao/Documentos/back-end/artisan(37): Illuminate\\Foundation\\Console\\Kernel->handle()
#49 {main}
"} 
[2020-07-27 17:07:51] local.ERROR: Unable to locate factory for [App\Models\Veiculo]. {"exception":"[object] (InvalidArgumentException(code: 0): Unable to locate factory for [App\\Models\\Veiculo]. at /home/joao/Documentos/back-end/vendor/laravel/framework/src/Illuminate/Database/Eloquent/FactoryBuilder.php:273)
[stacktrace]
#0 /home/joao/Documentos/back-end/vendor/laravel/framework/src/Illuminate/Database/Eloquent/FactoryBuilder.php(296): Illuminate\\Database\\Eloquent\\FactoryBuilder->getRawAttributes()
#1 /home/joao/Documentos/back-end/vendor/laravel/framework/src/Illuminate/Database/Eloquent/Concerns/GuardsAttributes.php(142): Illuminate\\Database\\Eloquent\\FactoryBuilder->Illuminate\\Database\\Eloquent\\{closure}()
#2 /home/joao/Documentos/back-end/vendor/laravel/framework/src/Illuminate/Database/Eloquent/FactoryBuilder.php(304): Illuminate\\Database\\Eloquent\\Model::unguarded()
#3 /home/joao/Documentos/back-end/vendor/laravel/framework/src/Illuminate/Database/Eloquent/FactoryBuilder.php(233): Illuminate\\Database\\Eloquent\\FactoryBuilder->makeInstance()
#4 [internal function]: Illuminate\\Database\\Eloquent\\FactoryBuilder->Illuminate\\Database\\Eloquent\\{closure}()
#5 /home/joao/Documentos/back-end/vendor/laravel/framework/src/Illuminate/Database/Eloquent/FactoryBuilder.php(234): array_map()
#6 /home/joao/Documentos/back-end/vendor/laravel/framework/src/Illuminate/Database/Eloquent/FactoryBuilder.php(169): Illuminate\\Database\\Eloquent\\FactoryBuilder->make()
#7 /home/joao/Documentos/back-end/database/seeds/VeiculoTableSeeder.php(14): Illuminate\\Database\\Eloquent\\FactoryBuilder->create()
#8 [internal function]: VeiculoTableSeeder->run()
#9 /home/joao/Documentos/back-end/vendor/laravel/framework/src/Illuminate/Container/BoundMethod.php(37): call_user_func_array()
#10 /home/joao/Documentos/back-end/vendor/laravel/framework/src/Illuminate/Container/Util.php(37): Illuminate\\Container\\BoundMethod::Illuminate\\Container\\{closure}()
#11 /home/joao/Documentos/back-end/vendor/laravel/framework/src/Illuminate/Container/BoundMethod.php(95): Illuminate\\Container\\Util::unwrapIfClosure()
#12 /home/joao/Documentos/back-end/vendor/laravel/framework/src/Illuminate/Container/BoundMethod.php(39): Illuminate\\Container\\BoundMethod::callBoundMethod()
#13 /home/joao/Documentos/back-end/vendor/laravel/framework/src/Illuminate/Container/Container.php(596): Illuminate\\Container\\BoundMethod::call()
#14 /home/joao/Documentos/back-end/vendor/laravel/framework/src/Illuminate/Database/Seeder.php(134): Illuminate\\Container\\Container->call()
#15 /home/joao/Documentos/back-end/vendor/laravel/framework/src/Illuminate/Database/Seeder.php(48): Illuminate\\Database\\Seeder->__invoke()
#16 /home/joao/Documentos/back-end/database/seeds/DatabaseSeeder.php(14): Illuminate\\Database\\Seeder->call()
#17 [internal function]: DatabaseSeeder->run()
#18 /home/joao/Documentos/back-end/vendor/laravel/framework/src/Illuminate/Container/BoundMethod.php(37): call_user_func_array()
#19 /home/joao/Documentos/back-end/vendor/laravel/framework/src/Illuminate/Container/Util.php(37): Illuminate\\Container\\BoundMethod::Illuminate\\Container\\{closure}()
#20 /home/joao/Documentos/back-end/vendor/laravel/framework/src/Illuminate/Container/BoundMethod.php(95): Illuminate\\Container\\Util::unwrapIfClosure()
#21 /home/joao/Documentos/back-end/vendor/laravel/framework/src/Illuminate/Container/BoundMethod.php(39): Illuminate\\Container\\BoundMethod::callBoundMethod()
#22 /home/joao/Documentos/back-end/vendor/laravel/framework/src/Illuminate/Container/Container.php(596): Illuminate\\Container\\BoundMethod::call()
#23 /home/joao/Documentos/back-end/vendor/laravel/framework/src/Illuminate/Database/Seeder.php(134): Illuminate\\Container\\Container->call()
#24 /home/joao/Documentos/back-end/vendor/laravel/framework/src/Illuminate/Database/Console/Seeds/SeedCommand.php(65): Illuminate\\Database\\Seeder->__invoke()
#25 /home/joao/Documentos/back-end/vendor/laravel/framework/src/Illuminate/Database/Eloquent/Concerns/GuardsAttributes.php(148): Illuminate\\Database\\Console\\Seeds\\SeedCommand->Illuminate\\Database\\Console\\Seeds\\{closure}()
#26 /home/joao/Documentos/back-end/vendor/laravel/framework/src/Illuminate/Database/Console/Seeds/SeedCommand.php(66): Illuminate\\Database\\Eloquent\\Model::unguarded()
#27 [internal function]: Illuminate\\Database\\Console\\Seeds\\SeedCommand->handle()
#28 /home/joao/Documentos/back-end/vendor/laravel/framework/src/Illuminate/Container/BoundMethod.php(37): call_user_func_array()
#29 /home/joao/Documentos/back-end/vendor/laravel/framework/src/Illuminate/Container/Util.php(37): Illuminate\\Container\\BoundMethod::Illuminate\\Container\\{closure}()
#30 /home/joao/Documentos/back-end/vendor/laravel/framework/src/Illuminate/Container/BoundMethod.php(95): Illuminate\\Container\\Util::unwrapIfClosure()
#31 /home/joao/Documentos/back-end/vendor/laravel/framework/src/Illuminate/Container/BoundMethod.php(39): Illuminate\\Container\\BoundMethod::callBoundMethod()
#32 /home/joao/Documentos/back-end/vendor/laravel/framework/src/Illuminate/Container/Container.php(596): Illuminate\\Container\\BoundMethod::call()
#33 /home/joao/Documentos/back-end/vendor/laravel/framework/src/Illuminate/Console/Command.php(134): Illuminate\\Container\\Container->call()
#34 /home/joao/Documentos/back-end/vendor/symfony/console/Command/Command.php(258): Illuminate\\Console\\Command->execute()
#35 /home/joao/Documentos/back-end/vendor/laravel/framework/src/Illuminate/Console/Command.php(121): Symfony\\Component\\Console\\Command\\Command->run()
#36 /home/joao/Documentos/back-end/vendor/laravel/framework/src/Illuminate/Console/Concerns/CallsCommands.php(56): Illuminate\\Console\\Command->run()
#37 /home/joao/Documentos/back-end/vendor/laravel/framework/src/Illuminate/Console/Concerns/CallsCommands.php(28): Illuminate\\Console\\Command->runCommand()
#38 /home/joao/Documentos/back-end/vendor/laravel/framework/src/Illuminate/Database/Console/Migrations/FreshCommand.php(81): Illuminate\\Console\\Command->call()
#39 /home/joao/Documentos/back-end/vendor/laravel/framework/src/Illuminate/Database/Console/Migrations/FreshCommand.php(56): Illuminate\\Database\\Console\\Migrations\\FreshCommand->runSeeder()
#40 [internal function]: Illuminate\\Database\\Console\\Migrations\\FreshCommand->handle()
#41 /home/joao/Documentos/back-end/vendor/laravel/framework/src/Illuminate/Container/BoundMethod.php(37): call_user_func_array()
#42 /home/joao/Documentos/back-end/vendor/laravel/framework/src/Illuminate/Container/Util.php(37): Illuminate\\Container\\BoundMethod::Illuminate\\Container\\{closure}()
#43 /home/joao/Documentos/back-end/vendor/laravel/framework/src/Illuminate/Container/BoundMethod.php(95): Illuminate\\Container\\Util::unwrapIfClosure()
#44 /home/joao/Documentos/back-end/vendor/laravel/framework/src/Illuminate/Container/BoundMethod.php(39): Illuminate\\Container\\BoundMethod::callBoundMethod()
#45 /home/joao/Documentos/back-end/vendor/laravel/framework/src/Illuminate/Container/Container.php(596): Illuminate\\Container\\BoundMethod::call()
#46 /home/joao/Documentos/back-end/vendor/laravel/framework/src/Illuminate/Console/Command.php(134): Illuminate\\Container\\Container->call()
#47 /home/joao/Documentos/back-end/vendor/symfony/console/Command/Command.php(258): Illuminate\\Console\\Command->execute()
#48 /home/joao/Documentos/back-end/vendor/laravel/framework/src/Illuminate/Console/Command.php(121): Symfony\\Component\\Console\\Command\\Command->run()
#49 /home/joao/Documentos/back-end/vendor/symfony/console/Application.php(911): Illuminate\\Console\\Command->run()
#50 /home/joao/Documentos/back-end/vendor/symfony/console/Application.php(264): Symfony\\Component\\Console\\Application->doRunCommand()
#51 /home/joao/Documentos/back-end/vendor/symfony/console/Application.php(140): Symfony\\Component\\Console\\Application->doRun()
#52 /home/joao/Documentos/back-end/vendor/laravel/framework/src/Illuminate/Console/Application.php(93): Symfony\\Component\\Console\\Application->run()
#53 /home/joao/Documentos/back-end/vendor/laravel/framework/src/Illuminate/Foundation/Console/Kernel.php(129): Illuminate\\Console\\Application->run()
#54 /home/joao/Documentos/back-end/artisan(37): Illuminate\\Foundation\\Console\\Kernel->handle()
#55 {main}
"} 
